<?xml version="1.0" encoding="UTF-8"?>
<testng-results skipped="0" failed="0" ignored="0" total="0" passed="0">
  <reporter-output>
  </reporter-output>
  <suite name="Default suite" duration-ms="20" started-at="2023-02-01T10:40:38 IST" finished-at="2023-02-01T10:40:38 IST">
    <groups>
    </groups>
    <test name="Default test" duration-ms="20" started-at="2023-02-01T10:40:38 IST" finished-at="2023-02-01T10:40:38 IST">
      <class name="Maven_Dummy.DummyProject.p1">
        <test-method status="PASS" signature="BS()[pri:0, instance:Maven_Dummy.DummyProject.p1@954b04f]" name="BS" is-config="true" duration-ms="19" started-at="2023-02-01T10:40:38 IST" finished-at="2023-02-01T10:40:38 IST">
          <reporter-output>
          </reporter-output>
        </test-method> <!-- BS -->
        <test-method status="PASS" signature="BT()[pri:0, instance:Maven_Dummy.DummyProject.p1@954b04f]" name="BT" is-config="true" duration-ms="0" started-at="2023-02-01T10:40:38 IST" finished-at="2023-02-01T10:40:38 IST">
          <reporter-output>
          </reporter-output>
        </test-method> <!-- BT -->
        <test-method status="PASS" signature="AT()[pri:0, instance:Maven_Dummy.DummyProject.p1@954b04f]" name="AT" is-config="true" duration-ms="1" started-at="2023-02-01T10:40:38 IST" finished-at="2023-02-01T10:40:38 IST">
          <reporter-output>
          </reporter-output>
        </test-method> <!-- AT -->
        <test-method status="PASS" signature="AS()[pri:0, instance:Maven_Dummy.DummyProject.p1@954b04f]" name="AS" is-config="true" duration-ms="2" started-at="2023-02-01T10:40:38 IST" finished-at="2023-02-01T10:40:38 IST">
          <reporter-output>
          </reporter-output>
        </test-method> <!-- AS -->
      </class> <!-- Maven_Dummy.DummyProject.p1 -->
    </test> <!-- Default test -->
  </suite> <!-- Default suite -->
</testng-results>
